<?xml version="1.0" encoding="UTF-8"?>
<!-- Generated by org.testng.reporters.JUnitXMLReporter -->
<testsuite ignored="0" hostname="LAPTOP-JD3JCJ7C" failures="0" tests="3" name="Default test" time="39.429" errors="0" timestamp="2021-03-12T10:51:04 IST">
  <testcase classname="tests.Sanity" name="goToRegister" time="8.714"/>
  <testcase classname="tests.Sanity" name="selectAccountTypeIM" time="0.753"/>
  <testcase classname="tests.Sanity" name="selectAccountTypeLookingTo" time="11.49"/>
</testsuite> <!-- Default test -->
