<?xml version="1.0" encoding="UTF-8"?>
<!-- Generated by org.testng.reporters.JUnitXMLReporter -->
<testsuite ignored="0" hostname="LAPTOP-JD3JCJ7C" failures="0" tests="3" name="Test" time="28.598" errors="0" timestamp="2021-03-12T11:10:04 IST">
  <testcase classname="tests.Sanity" name="goToRegister" time="15.417"/>
  <testcase classname="tests.Sanity" name="selectAccountTypeIM" time="0.815"/>
  <testcase classname="tests.Sanity" name="selectAccountTypeLookingTo" time="0.273"/>
</testsuite> <!-- Test -->
