<?xml version="1.0" encoding="UTF-8"?>
<!-- Generated by org.testng.reporters.JUnitXMLReporter -->
<testsuite ignored="0" hostname="LAPTOP-JD3JCJ7C" failures="0" tests="4" name="Test" time="18.704" errors="0" timestamp="2021-03-13T23:55:24 IST">
  <testcase classname="tests.Sanity" name="goToRegister" time="0.637"/>
  <testcase classname="tests.Sanity" name="selectAccountTypeIM" time="0.428"/>
  <testcase classname="tests.Sanity" name="selectAccountTypeLookingTo" time="0.194"/>
  <testcase classname="tests.Sanity" name="verifyURL" time="0.151"/>
</testsuite> <!-- Test -->
