<?xml version="1.0" encoding="UTF-8"?>
<!-- Generated by org.testng.reporters.JUnitXMLReporter -->
<testsuite ignored="0" hostname="LAPTOP-JD3JCJ7C" failures="0" tests="3" name="Test" time="34.066" errors="0" timestamp="2021-03-12T10:57:03 IST">
  <testcase classname="tests.Sanity" name="goToRegister" time="10.433"/>
  <testcase classname="tests.Sanity" name="selectAccountTypeIM" time="1.146"/>
  <testcase classname="tests.Sanity" name="selectAccountTypeLookingTo" time="0.273"/>
</testsuite> <!-- Test -->
