<?xml version="1.0" encoding="UTF-8"?>
<testsuite xmlns:xsi="http://www.w3.org/2001/XMLSchema-instance" xsi:noNamespaceSchemaLocation="https://maven.apache.org/surefire/maven-surefire-plugin/xsd/surefire-test-report-3.0.xsd" version="3.0" name="TestSuite" time="34.727" tests="3" errors="0" skipped="0" failures="0">
  <properties>
[...]
</properties>
  <testcase name="goToRegister" classname="tests.Sanity" time="10.368">
    <system-out><![CDATA[******Going to registration page
]]></system-out>
    <system-err><![CDATA[Starting ChromeDriver 88.0.4324.96 (68dba2d8a0b149a1d3afac56fa74648032bcf46b-refs/branch-heads/4324@{#1784}) on port 46511
Only local connections are allowed.
Please see https://chromedriver.chromium.org/security-considerations for suggestions on keeping ChromeDriver safe.
ChromeDriver was started successfully.
[1615539392.255][WARNING]: This version of ChromeDriver has not been tested with Chrome version 89.
Mar 12, 2021 10:56:33 AM org.openqa.selenium.remote.ProtocolHandshake createSession
INFO: Detected dialect: W3C
]]></system-err>
  </testcase>
  <testcase name="selectAccountTypeIM" classname="tests.Sanity" time="1.146">
    <system-out><![CDATA[******select account type
]]></system-out>
  </testcase>
  <testcase name="selectAccountTypeLookingTo" classname="tests.Sanity" time="0.271">
    <system-out><![CDATA[******verify filter is working
]]></system-out>
  </testcase>
</testsuite>