<?xml version="1.0" encoding="UTF-8"?>
<testng-results ignored="0" total="4" passed="4" failed="0" skipped="0">
  <reporter-output>
  </reporter-output>
  <suite started-at="2021-03-16T21:57:56 IST" name="Suite" finished-at="2021-03-16T21:58:15 IST" duration-ms="19217">
    <groups>
    </groups>
    <test started-at="2021-03-16T21:57:56 IST" name="Test" finished-at="2021-03-16T21:58:15 IST" duration-ms="19217">
      <class name="tests.Sanity">
        <test-method is-config="true" signature="beforeClass()[pri:0, instance:tests.Sanity@49c386c8]" started-at="2021-03-16T21:57:56 IST" name="beforeClass" finished-at="2021-03-16T21:58:07 IST" duration-ms="11594" status="PASS">
          <reporter-output>
          </reporter-output>
        </test-method> <!-- beforeClass -->
        <test-method is-config="true" signature="beforeMethod(java.lang.reflect.Method)[pri:0, instance:tests.Sanity@49c386c8]" started-at="2021-03-16T21:58:07 IST" name="beforeMethod" finished-at="2021-03-16T21:58:08 IST" duration-ms="9" status="PASS">
          <params>
            <param index="0">
              <value>
                <![CDATA[public void tests.Sanity.goToRegister() throws java.lang.InterruptedException,java.io.IOException]]>
              </value>
            </param>
          </params>
          <reporter-output>
          </reporter-output>
        </test-method> <!-- beforeMethod -->
        <test-method signature="goToRegister()[pri:1, instance:tests.Sanity@49c386c8]" started-at="2021-03-16T21:58:08 IST" name="goToRegister" description="verify date" finished-at="2021-03-16T21:58:08 IST" duration-ms="500" status="PASS">
          <reporter-output>
          </reporter-output>
        </test-method> <!-- goToRegister -->
        <test-method is-config="true" signature="afterMethod(org.testng.ITestResult)[pri:0, instance:tests.Sanity@49c386c8]" started-at="2021-03-16T21:58:08 IST" name="afterMethod" finished-at="2021-03-16T21:58:10 IST" duration-ms="2448" status="PASS">
          <params>
            <param index="0">
              <value>
                <![CDATA[[TestResult name=goToRegister status=SUCCESS method=Sanity.goToRegister()[pri:1, instance:tests.Sanity@49c386c8] output={null}]]]>
              </value>
            </param>
          </params>
          <reporter-output>
          </reporter-output>
        </test-method> <!-- afterMethod -->
        <test-method signature="selectAccountTypeIM()[pri:2, instance:tests.Sanity@49c386c8]" started-at="2021-03-16T21:58:10 IST" name="selectAccountTypeIM" description="verify date" finished-at="2021-03-16T21:58:13 IST" duration-ms="2170" status="PASS">
          <reporter-output>
          </reporter-output>
        </test-method> <!-- selectAccountTypeIM -->
        <test-method is-config="true" signature="beforeMethod(java.lang.reflect.Method)[pri:0, instance:tests.Sanity@49c386c8]" started-at="2021-03-16T21:58:10 IST" name="beforeMethod" finished-at="2021-03-16T21:58:10 IST" duration-ms="0" status="PASS">
          <params>
            <param index="0">
              <value>
                <![CDATA[public void tests.Sanity.selectAccountTypeIM() throws java.lang.InterruptedException,java.io.IOException]]>
              </value>
            </param>
          </params>
          <reporter-output>
          </reporter-output>
        </test-method> <!-- beforeMethod -->
        <test-method is-config="true" signature="afterMethod(org.testng.ITestResult)[pri:0, instance:tests.Sanity@49c386c8]" started-at="2021-03-16T21:58:13 IST" name="afterMethod" finished-at="2021-03-16T21:58:13 IST" duration-ms="371" status="PASS">
          <params>
            <param index="0">
              <value>
                <![CDATA[[TestResult name=selectAccountTypeIM status=SUCCESS method=Sanity.selectAccountTypeIM()[pri:2, instance:tests.Sanity@49c386c8] output={null}]]]>
              </value>
            </param>
          </params>
          <reporter-output>
          </reporter-output>
        </test-method> <!-- afterMethod -->
        <test-method is-config="true" signature="beforeMethod(java.lang.reflect.Method)[pri:0, instance:tests.Sanity@49c386c8]" started-at="2021-03-16T21:58:13 IST" name="beforeMethod" finished-at="2021-03-16T21:58:13 IST" duration-ms="0" status="PASS">
          <params>
            <param index="0">
              <value>
                <![CDATA[public void tests.Sanity.selectAccountTypeLookingTo() throws java.lang.InterruptedException,java.io.IOException]]>
              </value>
            </param>
          </params>
          <reporter-output>
          </reporter-output>
        </test-method> <!-- beforeMethod -->
        <test-method signature="selectAccountTypeLookingTo()[pri:3, instance:tests.Sanity@49c386c8]" started-at="2021-03-16T21:58:13 IST" name="selectAccountTypeLookingTo" description="verify date" finished-at="2021-03-16T21:58:13 IST" duration-ms="225" status="PASS">
          <reporter-output>
          </reporter-output>
        </test-method> <!-- selectAccountTypeLookingTo -->
        <test-method is-config="true" signature="afterMethod(org.testng.ITestResult)[pri:0, instance:tests.Sanity@49c386c8]" started-at="2021-03-16T21:58:13 IST" name="afterMethod" finished-at="2021-03-16T21:58:14 IST" duration-ms="372" status="PASS">
          <params>
            <param index="0">
              <value>
                <![CDATA[[TestResult name=selectAccountTypeLookingTo status=SUCCESS method=Sanity.selectAccountTypeLookingTo()[pri:3, instance:tests.Sanity@49c386c8] output={null}]]]>
              </value>
            </param>
          </params>
          <reporter-output>
          </reporter-output>
        </test-method> <!-- afterMethod -->
        <test-method is-config="true" signature="beforeMethod(java.lang.reflect.Method)[pri:0, instance:tests.Sanity@49c386c8]" started-at="2021-03-16T21:58:14 IST" name="beforeMethod" finished-at="2021-03-16T21:58:14 IST" duration-ms="0" status="PASS">
          <params>
            <param index="0">
              <value>
                <![CDATA[public void tests.Sanity.verifyURL() throws java.lang.InterruptedException,java.io.IOException]]>
              </value>
            </param>
          </params>
          <reporter-output>
          </reporter-output>
        </test-method> <!-- beforeMethod -->
        <test-method signature="verifyURL()[pri:4, instance:tests.Sanity@49c386c8]" started-at="2021-03-16T21:58:14 IST" name="verifyURL" description="verify date" finished-at="2021-03-16T21:58:14 IST" duration-ms="169" status="PASS">
          <reporter-output>
          </reporter-output>
        </test-method> <!-- verifyURL -->
        <test-method is-config="true" signature="afterMethod(org.testng.ITestResult)[pri:0, instance:tests.Sanity@49c386c8]" started-at="2021-03-16T21:58:14 IST" name="afterMethod" finished-at="2021-03-16T21:58:14 IST" duration-ms="354" status="PASS">
          <params>
            <param index="0">
              <value>
                <![CDATA[[TestResult name=verifyURL status=SUCCESS method=Sanity.verifyURL()[pri:4, instance:tests.Sanity@49c386c8] output={null}]]]>
              </value>
            </param>
          </params>
          <reporter-output>
          </reporter-output>
        </test-method> <!-- afterMethod -->
        <test-method is-config="true" signature="afterClass()[pri:0, instance:tests.Sanity@49c386c8]" started-at="2021-03-16T21:58:14 IST" name="afterClass" finished-at="2021-03-16T21:58:15 IST" duration-ms="968" status="PASS">
          <reporter-output>
          </reporter-output>
        </test-method> <!-- afterClass -->
      </class> <!-- tests.Sanity -->
    </test> <!-- Test -->
  </suite> <!-- Suite -->
</testng-results>
