<?xml version="1.0" encoding="UTF-8"?>
<testng-results ignored="0" total="3" passed="3" failed="0" skipped="0">
  <reporter-output>
  </reporter-output>
  <suite started-at="2021-03-12T10:55:25 IST" name="Suite" finished-at="2021-03-12T10:55:58 IST" duration-ms="32197">
    <groups>
    </groups>
    <test started-at="2021-03-12T10:55:25 IST" name="Test" finished-at="2021-03-12T10:55:58 IST" duration-ms="32197">
      <class name="tests.Sanity">
        <test-method is-config="true" signature="beforeClass()[pri:0, instance:tests.Sanity@28f3b248]" started-at="2021-03-12T10:55:26 IST" name="beforeClass" finished-at="2021-03-12T10:55:36 IST" duration-ms="10599" status="PASS">
          <reporter-output>
          </reporter-output>
        </test-method> <!-- beforeClass -->
        <test-method is-config="true" signature="beforeMethod(java.lang.reflect.Method)[pri:0, instance:tests.Sanity@28f3b248]" started-at="2021-03-12T10:55:36 IST" name="beforeMethod" finished-at="2021-03-12T10:55:36 IST" duration-ms="35" status="PASS">
          <params>
            <param index="0">
              <value>
                <![CDATA[public void tests.Sanity.goToRegister() throws java.lang.InterruptedException,java.io.IOException]]>
              </value>
            </param>
          </params>
          <reporter-output>
          </reporter-output>
        </test-method> <!-- beforeMethod -->
        <test-method signature="goToRegister()[pri:1, instance:tests.Sanity@28f3b248]" started-at="2021-03-12T10:55:36 IST" name="goToRegister" description="verify date" finished-at="2021-03-12T10:55:47 IST" duration-ms="10634" status="PASS">
          <reporter-output>
          </reporter-output>
        </test-method> <!-- goToRegister -->
        <test-method is-config="true" signature="afterMethod(org.testng.ITestResult)[pri:0, instance:tests.Sanity@28f3b248]" started-at="2021-03-12T10:55:47 IST" name="afterMethod" finished-at="2021-03-12T10:55:53 IST" duration-ms="5995" status="PASS">
          <params>
            <param index="0">
              <value>
                <![CDATA[[TestResult name=goToRegister status=SUCCESS method=Sanity.goToRegister()[pri:1, instance:tests.Sanity@28f3b248] output={null}]]]>
              </value>
            </param>
          </params>
          <reporter-output>
          </reporter-output>
        </test-method> <!-- afterMethod -->
        <test-method is-config="true" signature="beforeMethod(java.lang.reflect.Method)[pri:0, instance:tests.Sanity@28f3b248]" started-at="2021-03-12T10:55:53 IST" name="beforeMethod" finished-at="2021-03-12T10:55:53 IST" duration-ms="0" status="PASS">
          <params>
            <param index="0">
              <value>
                <![CDATA[public void tests.Sanity.selectAccountTypeIM() throws java.lang.InterruptedException,java.io.IOException]]>
              </value>
            </param>
          </params>
          <reporter-output>
          </reporter-output>
        </test-method> <!-- beforeMethod -->
        <test-method signature="selectAccountTypeIM()[pri:2, instance:tests.Sanity@28f3b248]" started-at="2021-03-12T10:55:53 IST" name="selectAccountTypeIM" description="verify date" finished-at="2021-03-12T10:55:55 IST" duration-ms="2132" status="PASS">
          <reporter-output>
          </reporter-output>
        </test-method> <!-- selectAccountTypeIM -->
        <test-method is-config="true" signature="afterMethod(org.testng.ITestResult)[pri:0, instance:tests.Sanity@28f3b248]" started-at="2021-03-12T10:55:55 IST" name="afterMethod" finished-at="2021-03-12T10:55:55 IST" duration-ms="482" status="PASS">
          <params>
            <param index="0">
              <value>
                <![CDATA[[TestResult name=selectAccountTypeIM status=SUCCESS method=Sanity.selectAccountTypeIM()[pri:2, instance:tests.Sanity@28f3b248] output={null}]]]>
              </value>
            </param>
          </params>
          <reporter-output>
          </reporter-output>
        </test-method> <!-- afterMethod -->
        <test-method is-config="true" signature="beforeMethod(java.lang.reflect.Method)[pri:0, instance:tests.Sanity@28f3b248]" started-at="2021-03-12T10:55:55 IST" name="beforeMethod" finished-at="2021-03-12T10:55:55 IST" duration-ms="1" status="PASS">
          <params>
            <param index="0">
              <value>
                <![CDATA[public void tests.Sanity.selectAccountTypeLookingTo() throws java.lang.InterruptedException,java.io.IOException]]>
              </value>
            </param>
          </params>
          <reporter-output>
          </reporter-output>
        </test-method> <!-- beforeMethod -->
        <test-method signature="selectAccountTypeLookingTo()[pri:3, instance:tests.Sanity@28f3b248]" started-at="2021-03-12T10:55:55 IST" name="selectAccountTypeLookingTo" description="verify date" finished-at="2021-03-12T10:55:56 IST" duration-ms="286" status="PASS">
          <reporter-output>
          </reporter-output>
        </test-method> <!-- selectAccountTypeLookingTo -->
        <test-method is-config="true" signature="afterMethod(org.testng.ITestResult)[pri:0, instance:tests.Sanity@28f3b248]" started-at="2021-03-12T10:55:56 IST" name="afterMethod" finished-at="2021-03-12T10:55:56 IST" duration-ms="426" status="PASS">
          <params>
            <param index="0">
              <value>
                <![CDATA[[TestResult name=selectAccountTypeLookingTo status=SUCCESS method=Sanity.selectAccountTypeLookingTo()[pri:3, instance:tests.Sanity@28f3b248] output={null}]]]>
              </value>
            </param>
          </params>
          <reporter-output>
          </reporter-output>
        </test-method> <!-- afterMethod -->
        <test-method is-config="true" signature="afterClass()[pri:0, instance:tests.Sanity@28f3b248]" started-at="2021-03-12T10:55:56 IST" name="afterClass" finished-at="2021-03-12T10:55:58 IST" duration-ms="1492" status="PASS">
          <reporter-output>
          </reporter-output>
        </test-method> <!-- afterClass -->
      </class> <!-- tests.Sanity -->
    </test> <!-- Test -->
  </suite> <!-- Suite -->
</testng-results>
